<?xml version="1.0" encoding="UTF-8"?>
<!-- Generated by org.testng.reporters.JUnitReportReporter -->
<testsuite hostname="KPK" failures="0" tests="2" name="seleniumframework.tests.ErrorValidationsTest" time="24.673" errors="0" timestamp="01 Oct 2024 12:32:13 GMT" skipped="0">
  <testcase classname="seleniumframework.tests.ErrorValidationsTest" name="loginErrorValidation" time="12.915"/>
  <testcase classname="seleniumframework.tests.ErrorValidationsTest" name="productErrorValidation" time="11.758"/>
</testsuite> <!-- seleniumframework.tests.ErrorValidationsTest -->
