<?xml version="1.0" encoding="UTF-8"?>
<!-- Generated by org.testng.reporters.JUnitReportReporter -->
<testsuite hostname="KPK" failures="0" tests="2" name="rahulshettyacademy.tests.ErrorValidationsTest" time="26.953" errors="0" timestamp="01 Oct 2024 11:53:52 GMT" skipped="0">
  <testcase classname="rahulshettyacademy.tests.ErrorValidationsTest" name="LoginErrorValidation" time="12.196"/>
  <testcase classname="rahulshettyacademy.tests.ErrorValidationsTest" name="ProductErrorValidation" time="14.757"/>
</testsuite> <!-- rahulshettyacademy.tests.ErrorValidationsTest -->
