<?xml version="1.0" encoding="UTF-8"?>
<!-- Generated by org.testng.reporters.JUnitReportReporter -->
<testsuite hostname="KPK" failures="0" tests="2" name="seleniumframework.tests.SubmitOrderTest" time="39.543" errors="0" timestamp="01 Oct 2024 12:32:13 GMT" skipped="0">
  <testcase classname="seleniumframework.tests.SubmitOrderTest" name="submitOrder" time="18.728"/>
  <testcase classname="seleniumframework.tests.SubmitOrderTest" name="submitOrder" time="20.815"/>
</testsuite> <!-- seleniumframework.tests.SubmitOrderTest -->
