<?xml version="1.0" encoding="UTF-8"?>
<!-- Generated by org.testng.reporters.JUnitReportReporter -->
<testsuite hostname="KPK" failures="0" tests="2" name="rahulshettyacademy.tests.SubmitOrderTest" time="39.013" errors="0" timestamp="01 Oct 2024 11:53:52 GMT" skipped="0">
  <testcase classname="rahulshettyacademy.tests.SubmitOrderTest" name="submitOrder" time="18.292"/>
  <testcase classname="rahulshettyacademy.tests.SubmitOrderTest" name="submitOrder" time="20.721"/>
</testsuite> <!-- rahulshettyacademy.tests.SubmitOrderTest -->
