<?xml version="1.0" encoding="UTF-8"?>
<!-- Generated by org.testng.reporters.JUnitReportReporter -->
<testsuite hostname="KPK" failures="0" tests="2" name="seleniumframework.tests.SubmitOrderTest" time="47.504" errors="0" timestamp="01 Oct 2024 12:38:39 GMT" skipped="0">
  <testcase classname="seleniumframework.tests.SubmitOrderTest" name="submitOrder" time="28.647"/>
  <testcase classname="seleniumframework.tests.SubmitOrderTest" name="submitOrder" time="18.857"/>
</testsuite> <!-- seleniumframework.tests.SubmitOrderTest -->
